[2025-10-24T09:32:58.781+0000] {manager.py:470} INFO - Processing files using up to 2 processes at a time 
[2025-10-24T09:32:58.788+0000] {manager.py:471} INFO - Process each file at most once every 30 seconds
[2025-10-24T09:32:58.796+0000] {manager.py:472} INFO - Checking for new files in /opt/airflow/dags every 300 seconds
[2025-10-24T09:32:58.805+0000] {manager.py:737} INFO - Searching for files in /opt/airflow/dags
[2025-10-24T09:32:58.836+0000] {manager.py:740} INFO - There are 1 files in /opt/airflow/dags
[2025-10-24T09:32:59.318+0000] {manager.py:878} INFO - 
================================================================================
DAG File Processing Stats

File Path                              PID  Runtime      # DAGs    # Errors  Last Runtime    Last Run
-----------------------------------  -----  ---------  --------  ----------  --------------  ----------
/opt/airflow/dags/email_test_dag.py     63  0.28s             0           0
================================================================================
[2025-10-24T09:33:29.999+0000] {manager.py:878} INFO - 
================================================================================
DAG File Processing Stats

File Path                            PID    Runtime      # DAGs    # Errors  Last Runtime    Last Run
-----------------------------------  -----  ---------  --------  ----------  --------------  -------------------
/opt/airflow/dags/email_test_dag.py                           1           0  1.27s           2025-10-24T09:33:00
================================================================================
[2025-10-24T09:34:00.792+0000] {manager.py:878} INFO - 
================================================================================
DAG File Processing Stats

File Path                            PID    Runtime      # DAGs    # Errors  Last Runtime    Last Run
-----------------------------------  -----  ---------  --------  ----------  --------------  -------------------
/opt/airflow/dags/email_test_dag.py                           1           0  2.41s           2025-10-24T09:33:33
================================================================================
[2025-10-24T09:34:31.451+0000] {manager.py:878} INFO - 
================================================================================
DAG File Processing Stats

File Path                            PID    Runtime      # DAGs    # Errors  Last Runtime    Last Run
-----------------------------------  -----  ---------  --------  ----------  --------------  -------------------
/opt/airflow/dags/email_test_dag.py                           1           0  0.54s           2025-10-24T09:34:04
================================================================================
[2025-10-24T09:35:01.588+0000] {manager.py:878} INFO - 
================================================================================
DAG File Processing Stats

File Path                            PID    Runtime      # DAGs    # Errors  Last Runtime    Last Run
-----------------------------------  -----  ---------  --------  ----------  --------------  -------------------
/opt/airflow/dags/email_test_dag.py                           1           0  0.63s           2025-10-24T09:34:35
================================================================================
[2025-10-24T09:35:32.181+0000] {manager.py:878} INFO - 
================================================================================
DAG File Processing Stats

File Path                            PID    Runtime      # DAGs    # Errors  Last Runtime    Last Run
-----------------------------------  -----  ---------  --------  ----------  --------------  -------------------
/opt/airflow/dags/email_test_dag.py                           1           0  1.37s           2025-10-24T09:35:06
================================================================================
[2025-10-24T09:36:02.830+0000] {manager.py:878} INFO - 
================================================================================
DAG File Processing Stats

File Path                            PID    Runtime      # DAGs    # Errors  Last Runtime    Last Run
-----------------------------------  -----  ---------  --------  ----------  --------------  -------------------
/opt/airflow/dags/email_test_dag.py                           1           0  4.88s           2025-10-24T09:35:42
================================================================================
[2025-10-24T09:36:34.645+0000] {manager.py:878} INFO - 
================================================================================
DAG File Processing Stats

File Path                            PID    Runtime      # DAGs    # Errors  Last Runtime    Last Run
-----------------------------------  -----  ---------  --------  ----------  --------------  -------------------
/opt/airflow/dags/email_test_dag.py                           1           0  9.60s           2025-10-24T09:36:22
================================================================================
[2025-10-24T09:37:05.405+0000] {manager.py:878} INFO - 
================================================================================
DAG File Processing Stats

File Path                            PID    Runtime      # DAGs    # Errors  Last Runtime    Last Run
-----------------------------------  -----  ---------  --------  ----------  --------------  -------------------
/opt/airflow/dags/email_test_dag.py                           1           0  8.95s           2025-10-24T09:37:02
================================================================================
[2025-10-24T09:37:35.700+0000] {manager.py:878} INFO - 
================================================================================
DAG File Processing Stats

File Path                              PID  Runtime      # DAGs    # Errors  Last Runtime    Last Run
-----------------------------------  -----  ---------  --------  ----------  --------------  -------------------
/opt/airflow/dags/email_test_dag.py    140  2.08s             1           0  8.95s           2025-10-24T09:37:02
================================================================================
[2025-10-24T09:37:59.386+0000] {manager.py:737} INFO - Searching for files in /opt/airflow/dags
[2025-10-24T09:38:00.669+0000] {manager.py:740} INFO - There are 1 files in /opt/airflow/dags
[2025-10-24T09:38:06.311+0000] {manager.py:878} INFO - 
================================================================================
DAG File Processing Stats

File Path                            PID    Runtime      # DAGs    # Errors  Last Runtime    Last Run
-----------------------------------  -----  ---------  --------  ----------  --------------  -------------------
/opt/airflow/dags/email_test_dag.py                           1           0  7.24s           2025-10-24T09:37:40
================================================================================
[2025-10-24T09:38:37.484+0000] {manager.py:878} INFO - 
================================================================================
DAG File Processing Stats

File Path                            PID    Runtime      # DAGs    # Errors  Last Runtime    Last Run
-----------------------------------  -----  ---------  --------  ----------  --------------  -------------------
/opt/airflow/dags/email_test_dag.py                           1           0  4.34s           2025-10-24T09:38:16
================================================================================
[2025-10-24T09:39:07.625+0000] {manager.py:878} INFO - 
================================================================================
DAG File Processing Stats

File Path                            PID    Runtime      # DAGs    # Errors  Last Runtime    Last Run
-----------------------------------  -----  ---------  --------  ----------  --------------  -------------------
/opt/airflow/dags/email_test_dag.py                           1           0  12.66s          2025-10-24T09:39:00
================================================================================
[2025-10-24T09:39:37.999+0000] {manager.py:878} INFO - 
================================================================================
DAG File Processing Stats

File Path                            PID    Runtime      # DAGs    # Errors  Last Runtime    Last Run
-----------------------------------  -----  ---------  --------  ----------  --------------  -------------------
/opt/airflow/dags/email_test_dag.py                           1           0  1.12s           2025-10-24T09:39:31
================================================================================
[2025-10-24T09:40:08.429+0000] {manager.py:878} INFO - 
================================================================================
DAG File Processing Stats

File Path                            PID    Runtime      # DAGs    # Errors  Last Runtime    Last Run
-----------------------------------  -----  ---------  --------  ----------  --------------  -------------------
/opt/airflow/dags/email_test_dag.py                           1           0  4.01s           2025-10-24T09:40:06
================================================================================
[2025-10-24T09:40:39.407+0000] {manager.py:878} INFO - 
================================================================================
DAG File Processing Stats

File Path                              PID  Runtime      # DAGs    # Errors  Last Runtime    Last Run
-----------------------------------  -----  ---------  --------  ----------  --------------  -------------------
/opt/airflow/dags/email_test_dag.py    181  2.21s             1           0  4.01s           2025-10-24T09:40:06
================================================================================
[2025-10-24T09:41:09.738+0000] {manager.py:878} INFO - 
================================================================================
DAG File Processing Stats

File Path                            PID    Runtime      # DAGs    # Errors  Last Runtime    Last Run
-----------------------------------  -----  ---------  --------  ----------  --------------  -------------------
/opt/airflow/dags/email_test_dag.py                           1           0  6.25s           2025-10-24T09:40:43
================================================================================
[2025-10-24T09:41:40.374+0000] {manager.py:878} INFO - 
================================================================================
DAG File Processing Stats

File Path                            PID    Runtime      # DAGs    # Errors  Last Runtime    Last Run
-----------------------------------  -----  ---------  --------  ----------  --------------  -------------------
/opt/airflow/dags/email_test_dag.py                           1           0  2.50s           2025-10-24T09:41:16
================================================================================
[2025-10-24T09:50:47.303+0000] {manager.py:470} INFO - Processing files using up to 2 processes at a time 
[2025-10-24T09:50:47.304+0000] {manager.py:471} INFO - Process each file at most once every 30 seconds
[2025-10-24T09:50:47.306+0000] {manager.py:472} INFO - Checking for new files in /opt/airflow/dags every 300 seconds
[2025-10-24T09:50:47.309+0000] {manager.py:737} INFO - Searching for files in /opt/airflow/dags
[2025-10-24T09:50:47.397+0000] {manager.py:740} INFO - There are 1 files in /opt/airflow/dags
[2025-10-24T09:50:47.619+0000] {manager.py:878} INFO - 
================================================================================
DAG File Processing Stats

File Path                              PID  Runtime      # DAGs    # Errors  Last Runtime    Last Run
-----------------------------------  -----  ---------  --------  ----------  --------------  ----------
/opt/airflow/dags/email_test_dag.py     58  0.08s             0           0
================================================================================
[2025-10-24T09:51:17.839+0000] {manager.py:878} INFO - 
================================================================================
DAG File Processing Stats

File Path                            PID    Runtime      # DAGs    # Errors  Last Runtime    Last Run
-----------------------------------  -----  ---------  --------  ----------  --------------  -------------------
/opt/airflow/dags/email_test_dag.py                           1           0  0.32s           2025-10-24T09:50:47
================================================================================
[2025-10-24T09:51:48.488+0000] {manager.py:878} INFO - 
================================================================================
DAG File Processing Stats

File Path                              PID  Runtime      # DAGs    # Errors  Last Runtime    Last Run
-----------------------------------  -----  ---------  --------  ----------  --------------  -------------------
/opt/airflow/dags/email_test_dag.py     71  0.00s             1           0  0.17s           2025-10-24T09:51:18
================================================================================
[2025-10-24T09:52:18.811+0000] {manager.py:878} INFO - 
================================================================================
DAG File Processing Stats

File Path                              PID  Runtime      # DAGs    # Errors  Last Runtime    Last Run
-----------------------------------  -----  ---------  --------  ----------  --------------  -------------------
/opt/airflow/dags/email_test_dag.py     78  0.00s             1           0  0.11s           2025-10-24T09:51:48
================================================================================
[2025-10-24T09:52:49.049+0000] {manager.py:878} INFO - 
================================================================================
DAG File Processing Stats

File Path                              PID  Runtime      # DAGs    # Errors  Last Runtime    Last Run
-----------------------------------  -----  ---------  --------  ----------  --------------  -------------------
/opt/airflow/dags/email_test_dag.py     85  0.00s             1           0  0.12s           2025-10-24T09:52:18
================================================================================
[2025-10-24T09:53:19.380+0000] {manager.py:878} INFO - 
================================================================================
DAG File Processing Stats

File Path                              PID  Runtime      # DAGs    # Errors  Last Runtime    Last Run
-----------------------------------  -----  ---------  --------  ----------  --------------  -------------------
/opt/airflow/dags/email_test_dag.py     92  0.01s             1           0  0.12s           2025-10-24T09:52:49
================================================================================
[2025-10-24T09:53:49.620+0000] {manager.py:878} INFO - 
================================================================================
DAG File Processing Stats

File Path                              PID  Runtime      # DAGs    # Errors  Last Runtime    Last Run
-----------------------------------  -----  ---------  --------  ----------  --------------  -------------------
/opt/airflow/dags/email_test_dag.py     99  0.01s             1           0  0.12s           2025-10-24T09:53:19
================================================================================
[2025-10-24T09:54:19.888+0000] {manager.py:878} INFO - 
================================================================================
DAG File Processing Stats

File Path                              PID  Runtime      # DAGs    # Errors  Last Runtime    Last Run
-----------------------------------  -----  ---------  --------  ----------  --------------  -------------------
/opt/airflow/dags/email_test_dag.py    106  0.00s             1           0  0.18s           2025-10-24T09:53:49
================================================================================
[2025-10-24T09:54:50.167+0000] {manager.py:878} INFO - 
================================================================================
DAG File Processing Stats

File Path                              PID  Runtime      # DAGs    # Errors  Last Runtime    Last Run
-----------------------------------  -----  ---------  --------  ----------  --------------  -------------------
/opt/airflow/dags/email_test_dag.py    113  0.00s             1           0  0.11s           2025-10-24T09:54:19
================================================================================
[2025-10-24T09:55:20.420+0000] {manager.py:878} INFO - 
================================================================================
DAG File Processing Stats

File Path                              PID  Runtime      # DAGs    # Errors  Last Runtime    Last Run
-----------------------------------  -----  ---------  --------  ----------  --------------  -------------------
/opt/airflow/dags/email_test_dag.py    120  0.01s             1           0  0.11s           2025-10-24T09:54:50
================================================================================
[2025-10-24T09:55:47.663+0000] {manager.py:737} INFO - Searching for files in /opt/airflow/dags
[2025-10-24T09:55:47.686+0000] {manager.py:740} INFO - There are 1 files in /opt/airflow/dags
[2025-10-24T09:55:50.756+0000] {manager.py:878} INFO - 
================================================================================
DAG File Processing Stats

File Path                              PID  Runtime      # DAGs    # Errors  Last Runtime    Last Run
-----------------------------------  -----  ---------  --------  ----------  --------------  -------------------
/opt/airflow/dags/email_test_dag.py    128  0.01s             1           0  0.13s           2025-10-24T09:55:20
================================================================================
[2025-10-24T09:56:20.993+0000] {manager.py:878} INFO - 
================================================================================
DAG File Processing Stats

File Path                              PID  Runtime      # DAGs    # Errors  Last Runtime    Last Run
-----------------------------------  -----  ---------  --------  ----------  --------------  -------------------
/opt/airflow/dags/email_test_dag.py    135  0.00s             1           0  0.13s           2025-10-24T09:55:50
================================================================================
[2025-10-24T09:56:51.291+0000] {manager.py:878} INFO - 
================================================================================
DAG File Processing Stats

File Path                              PID  Runtime      # DAGs    # Errors  Last Runtime    Last Run
-----------------------------------  -----  ---------  --------  ----------  --------------  -------------------
/opt/airflow/dags/email_test_dag.py    142  0.00s             1           0  0.15s           2025-10-24T09:56:21
================================================================================
[2025-10-24T09:57:21.635+0000] {manager.py:878} INFO - 
================================================================================
DAG File Processing Stats

File Path                              PID  Runtime      # DAGs    # Errors  Last Runtime    Last Run
-----------------------------------  -----  ---------  --------  ----------  --------------  -------------------
/opt/airflow/dags/email_test_dag.py    149  0.02s             1           0  0.11s           2025-10-24T09:56:51
================================================================================
[2025-10-24T09:57:51.921+0000] {manager.py:878} INFO - 
================================================================================
DAG File Processing Stats

File Path                              PID  Runtime      # DAGs    # Errors  Last Runtime    Last Run
-----------------------------------  -----  ---------  --------  ----------  --------------  -------------------
/opt/airflow/dags/email_test_dag.py    155  0.01s             1           0  0.22s           2025-10-24T09:57:21
================================================================================
[2025-10-24T09:58:22.234+0000] {manager.py:878} INFO - 
================================================================================
DAG File Processing Stats

File Path                              PID  Runtime      # DAGs    # Errors  Last Runtime    Last Run
-----------------------------------  -----  ---------  --------  ----------  --------------  -------------------
/opt/airflow/dags/email_test_dag.py    162  0.00s             1           0  0.16s           2025-10-24T09:57:52
================================================================================
[2025-10-24T09:58:52.474+0000] {manager.py:878} INFO - 
================================================================================
DAG File Processing Stats

File Path                              PID  Runtime      # DAGs    # Errors  Last Runtime    Last Run
-----------------------------------  -----  ---------  --------  ----------  --------------  -------------------
/opt/airflow/dags/email_test_dag.py    169  0.01s             1           0  0.17s           2025-10-24T09:58:22
================================================================================
[2025-10-24T09:59:22.789+0000] {manager.py:878} INFO - 
================================================================================
DAG File Processing Stats

File Path                              PID  Runtime      # DAGs    # Errors  Last Runtime    Last Run
-----------------------------------  -----  ---------  --------  ----------  --------------  -------------------
/opt/airflow/dags/email_test_dag.py    176  0.00s             1           0  0.13s           2025-10-24T09:58:52
================================================================================
[2025-10-24T09:59:53.034+0000] {manager.py:878} INFO - 
================================================================================
DAG File Processing Stats

File Path                              PID  Runtime      # DAGs    # Errors  Last Runtime    Last Run
-----------------------------------  -----  ---------  --------  ----------  --------------  -------------------
/opt/airflow/dags/email_test_dag.py    189  0.01s             1           0  0.15s           2025-10-24T09:59:22
================================================================================
[2025-10-24T10:00:23.333+0000] {manager.py:878} INFO - 
================================================================================
DAG File Processing Stats

File Path                              PID  Runtime      # DAGs    # Errors  Last Runtime    Last Run
-----------------------------------  -----  ---------  --------  ----------  --------------  -------------------
/opt/airflow/dags/email_test_dag.py    196  0.00s             1           0  0.14s           2025-10-24T09:59:53
================================================================================
[2025-10-24T10:00:48.518+0000] {manager.py:737} INFO - Searching for files in /opt/airflow/dags
[2025-10-24T10:00:48.542+0000] {manager.py:740} INFO - There are 1 files in /opt/airflow/dags
[2025-10-24T10:00:53.628+0000] {manager.py:878} INFO - 
================================================================================
DAG File Processing Stats

File Path                              PID  Runtime      # DAGs    # Errors  Last Runtime    Last Run
-----------------------------------  -----  ---------  --------  ----------  --------------  -------------------
/opt/airflow/dags/email_test_dag.py    202  0.00s             1           0  0.12s           2025-10-24T10:00:23
================================================================================
[2025-10-24T10:01:23.871+0000] {manager.py:878} INFO - 
================================================================================
DAG File Processing Stats

File Path                              PID  Runtime      # DAGs    # Errors  Last Runtime    Last Run
-----------------------------------  -----  ---------  --------  ----------  --------------  -------------------
/opt/airflow/dags/email_test_dag.py    209  0.00s             1           0  0.12s           2025-10-24T10:00:53
================================================================================
[2025-10-24T10:01:54.093+0000] {manager.py:878} INFO - 
================================================================================
DAG File Processing Stats

File Path                              PID  Runtime      # DAGs    # Errors  Last Runtime    Last Run
-----------------------------------  -----  ---------  --------  ----------  --------------  -------------------
/opt/airflow/dags/email_test_dag.py    216  0.00s             1           0  0.14s           2025-10-24T10:01:24
================================================================================
[2025-10-24T10:02:24.436+0000] {manager.py:878} INFO - 
================================================================================
DAG File Processing Stats

File Path                              PID  Runtime      # DAGs    # Errors  Last Runtime    Last Run
-----------------------------------  -----  ---------  --------  ----------  --------------  -------------------
/opt/airflow/dags/email_test_dag.py    223  0.01s             1           0  0.12s           2025-10-24T10:01:54
================================================================================
[2025-10-24T10:02:54.684+0000] {manager.py:878} INFO - 
================================================================================
DAG File Processing Stats

File Path                              PID  Runtime      # DAGs    # Errors  Last Runtime    Last Run
-----------------------------------  -----  ---------  --------  ----------  --------------  -------------------
/opt/airflow/dags/email_test_dag.py    230  0.00s             1           0  0.12s           2025-10-24T10:02:24
================================================================================
[2025-10-24T10:03:24.932+0000] {manager.py:878} INFO - 
================================================================================
DAG File Processing Stats

File Path                              PID  Runtime      # DAGs    # Errors  Last Runtime    Last Run
-----------------------------------  -----  ---------  --------  ----------  --------------  -------------------
/opt/airflow/dags/email_test_dag.py    237  0.00s             1           0  0.11s           2025-10-24T10:02:54
================================================================================
[2025-10-24T10:03:55.203+0000] {manager.py:878} INFO - 
================================================================================
DAG File Processing Stats

File Path                              PID  Runtime      # DAGs    # Errors  Last Runtime    Last Run
-----------------------------------  -----  ---------  --------  ----------  --------------  -------------------
/opt/airflow/dags/email_test_dag.py    244  0.00s             1           0  0.12s           2025-10-24T10:03:25
================================================================================
[2025-10-24T10:04:25.439+0000] {manager.py:878} INFO - 
================================================================================
DAG File Processing Stats

File Path                              PID  Runtime      # DAGs    # Errors  Last Runtime    Last Run
-----------------------------------  -----  ---------  --------  ----------  --------------  -------------------
/opt/airflow/dags/email_test_dag.py    250  0.00s             1           0  0.11s           2025-10-24T10:03:55
================================================================================
[2025-10-24T10:04:55.714+0000] {manager.py:878} INFO - 
================================================================================
DAG File Processing Stats

File Path                              PID  Runtime      # DAGs    # Errors  Last Runtime    Last Run
-----------------------------------  -----  ---------  --------  ----------  --------------  -------------------
/opt/airflow/dags/email_test_dag.py    256  0.00s             1           0  0.13s           2025-10-24T10:04:25
================================================================================
[2025-10-24T10:05:25.973+0000] {manager.py:878} INFO - 
================================================================================
DAG File Processing Stats

File Path                              PID  Runtime      # DAGs    # Errors  Last Runtime    Last Run
-----------------------------------  -----  ---------  --------  ----------  --------------  -------------------
/opt/airflow/dags/email_test_dag.py    263  0.00s             1           0  0.12s           2025-10-24T10:04:55
================================================================================
[2025-10-24T10:05:49.158+0000] {manager.py:737} INFO - Searching for files in /opt/airflow/dags
[2025-10-24T10:05:49.183+0000] {manager.py:740} INFO - There are 1 files in /opt/airflow/dags
[2025-10-24T10:05:56.284+0000] {manager.py:878} INFO - 
================================================================================
DAG File Processing Stats

File Path                              PID  Runtime      # DAGs    # Errors  Last Runtime    Last Run
-----------------------------------  -----  ---------  --------  ----------  --------------  -------------------
/opt/airflow/dags/email_test_dag.py    270  0.01s             1           0  0.12s           2025-10-24T10:05:26
================================================================================
[2025-10-24T10:06:26.564+0000] {manager.py:878} INFO - 
================================================================================
DAG File Processing Stats

File Path                              PID  Runtime      # DAGs    # Errors  Last Runtime    Last Run
-----------------------------------  -----  ---------  --------  ----------  --------------  -------------------
/opt/airflow/dags/email_test_dag.py    277  0.01s             1           0  0.13s           2025-10-24T10:05:56
================================================================================
[2025-10-24T10:06:56.806+0000] {manager.py:878} INFO - 
================================================================================
DAG File Processing Stats

File Path                              PID  Runtime      # DAGs    # Errors  Last Runtime    Last Run
-----------------------------------  -----  ---------  --------  ----------  --------------  -------------------
/opt/airflow/dags/email_test_dag.py    284  0.00s             1           0  0.13s           2025-10-24T10:06:26
================================================================================
[2025-10-24T10:07:27.118+0000] {manager.py:878} INFO - 
================================================================================
DAG File Processing Stats

File Path                              PID  Runtime      # DAGs    # Errors  Last Runtime    Last Run
-----------------------------------  -----  ---------  --------  ----------  --------------  -------------------
/opt/airflow/dags/email_test_dag.py    291  0.00s             1           0  0.13s           2025-10-24T10:06:56
================================================================================
[2025-10-24T10:07:57.343+0000] {manager.py:878} INFO - 
================================================================================
DAG File Processing Stats

File Path                              PID  Runtime      # DAGs    # Errors  Last Runtime    Last Run
-----------------------------------  -----  ---------  --------  ----------  --------------  -------------------
/opt/airflow/dags/email_test_dag.py    298  0.00s             1           0  0.11s           2025-10-24T10:07:27
================================================================================
[2025-10-24T10:08:27.609+0000] {manager.py:878} INFO - 
================================================================================
DAG File Processing Stats

File Path                              PID  Runtime      # DAGs    # Errors  Last Runtime    Last Run
-----------------------------------  -----  ---------  --------  ----------  --------------  -------------------
/opt/airflow/dags/email_test_dag.py    305  0.01s             1           0  0.15s           2025-10-24T10:07:57
================================================================================
[2025-10-24T10:08:57.925+0000] {manager.py:878} INFO - 
================================================================================
DAG File Processing Stats

File Path                              PID  Runtime      # DAGs    # Errors  Last Runtime    Last Run
-----------------------------------  -----  ---------  --------  ----------  --------------  -------------------
/opt/airflow/dags/email_test_dag.py    313  0.00s             1           0  0.13s           2025-10-24T10:08:27
================================================================================
